0 info it worked if it ends with ok
1 verbose cli [ '/opt/boxen/nodenv/versions/v0.10/bin/node',
1 verbose cli   '/opt/boxen/nodenv/versions/v0.10/bin/npm',
1 verbose cli   'update' ]
2 info using npm@1.4.14
3 info using node@v0.10.29
4 verbose node symlink /opt/boxen/nodenv/versions/v0.10/bin/node
5 info outdated updating undefined
6 error Failed to parse json
6 error Unexpected token /
7 error File: /Users/stefan.vermaas/github/airpal/src/main/resources/assets/package.json
8 error Failed to parse package.json data.
8 error package.json must be actual JSON, not just JavaScript.
8 error
8 error This is not a bug in npm.
8 error Tell the package author to fix their package.json file. JSON.parse
9 error System Darwin 14.0.0
10 error command "/opt/boxen/nodenv/versions/v0.10/bin/node" "/opt/boxen/nodenv/versions/v0.10/bin/npm" "update"
11 error cwd /Users/stefan.vermaas/github/airpal/src/main/resources/assets
12 error node -v v0.10.29
13 error npm -v 1.4.14
14 error file /Users/stefan.vermaas/github/airpal/src/main/resources/assets/package.json
15 error code EJSONPARSE
16 verbose exit [ 1, true ]
